<?xml version="1.0" encoding="UTF-8"?>
<testsuite xmlns:xsi="http://www.w3.org/2001/XMLSchema-instance" xsi:noNamespaceSchemaLocation="https://maven.apache.org/surefire/maven-surefire-plugin/xsd/surefire-test-report-3.0.xsd" version="3.0" name="TestSuite" time="413.649" tests="9" errors="0" skipped="0" failures="1">
  <properties>
[...]
</properties>
  <testcase name="LoginValidData" classname="TestCases._001_TC_LoginPage" time="12.5">
    <system-out><![CDATA[ INFO [main] (_001_TC_LoginPage.java:15)- URL open
 INFO [main] (_001_TC_LoginPage.java:19)- UserName and Password is submitted
 INFO [main] (_001_TC_LoginPage.java:21)- LoginIn Successfully
 INFO [main] (_001_TC_LoginPage.java:25)- Test Pass 
]]></system-out>
    <system-err><![CDATA[SLF4J: Failed to load class "org.slf4j.impl.StaticLoggerBinder".
SLF4J: Defaulting to no-operation (NOP) logger implementation
SLF4J: See http://www.slf4j.org/codes.html#StaticLoggerBinder for further details.
Starting ChromeDriver 99.0.4844.51 (d537ec02474b5afe23684e7963d538896c63ac77-refs/branch-heads/4844@{#875}) on port 55590
Only local connections are allowed.
Please see https://chromedriver.chromium.org/security-considerations for suggestions on keeping ChromeDriver safe.
ChromeDriver was started successfully.
Mar 05, 2022 2:22:40 PM org.openqa.selenium.remote.ProtocolHandshake createSession
INFO: Detected dialect: W3C
Mar 05, 2022 2:22:41 PM org.openqa.selenium.devtools.CdpVersionFinder findNearestMatch
WARNING: Unable to find an exact match for CDP version 99, so returning the closest version found: 97
Mar 05, 2022 2:22:41 PM org.openqa.selenium.devtools.CdpVersionFinder findNearestMatch
INFO: Found CDP implementation for version 99 of 97
]]></system-err>
  </testcase>
  <testcase name="LogInDiffData[Username, password](1)" classname="TestCases._002_TC_LoginPage" time="13.748">
    <system-out><![CDATA[Username  password
 INFO [main] (_002_TC_LoginPage.java:23)- UserName and Password is submitted
 INFO [main] (_002_TC_LoginPage.java:25)- Clicked on Login
 WARN [main] (_002_TC_LoginPage.java:32)- Login failed
]]></system-out>
    <system-err><![CDATA[Starting ChromeDriver 99.0.4844.51 (d537ec02474b5afe23684e7963d538896c63ac77-refs/branch-heads/4844@{#875}) on port 55059
Only local connections are allowed.
Please see https://chromedriver.chromium.org/security-considerations for suggestions on keeping ChromeDriver safe.
ChromeDriver was started successfully.
Mar 05, 2022 2:23:33 PM org.openqa.selenium.remote.ProtocolHandshake createSession
INFO: Detected dialect: W3C
Mar 05, 2022 2:23:34 PM org.openqa.selenium.devtools.CdpVersionFinder findNearestMatch
WARNING: Unable to find an exact match for CDP version 99, so returning the closest version found: 97
Mar 05, 2022 2:23:34 PM org.openqa.selenium.devtools.CdpVersionFinder findNearestMatch
INFO: Found CDP implementation for version 99 of 97
]]></system-err>
  </testcase>
  <testcase name="LogInDiffData[mngr376767, jEquhaj](2)" classname="TestCases._002_TC_LoginPage" time="25.086">
    <system-out><![CDATA[mngr376767  jEquhaj
 INFO [main] (_002_TC_LoginPage.java:23)- UserName and Password is submitted
 INFO [main] (_002_TC_LoginPage.java:25)- Clicked on Login
 INFO [main] (_002_TC_LoginPage.java:37)- LogOut Successfully
]]></system-out>
  </testcase>
  <testcase name="LogInDiffData[mngr83460, qAbUzyj](3)" classname="TestCases._002_TC_LoginPage" time="10.04">
    <system-out><![CDATA[mngr83460  qAbUzyj
 INFO [main] (_002_TC_LoginPage.java:23)- UserName and Password is submitted
 INFO [main] (_002_TC_LoginPage.java:25)- Clicked on Login
 WARN [main] (_002_TC_LoginPage.java:32)- Login failed
]]></system-out>
  </testcase>
  <testcase name="LogInDiffData[mngr137319, bAdYvyb](4)" classname="TestCases._002_TC_LoginPage" time="9.52">
    <system-out><![CDATA[mngr137319  bAdYvyb
 INFO [main] (_002_TC_LoginPage.java:23)- UserName and Password is submitted
 INFO [main] (_002_TC_LoginPage.java:25)- Clicked on Login
 WARN [main] (_002_TC_LoginPage.java:32)- Login failed
]]></system-out>
  </testcase>
  <testcase name="LogInDiffData[mngr376767, jEquhaj](5)" classname="TestCases._002_TC_LoginPage" time="19.745">
    <system-out><![CDATA[mngr376767  jEquhaj
 INFO [main] (_002_TC_LoginPage.java:23)- UserName and Password is submitted
 INFO [main] (_002_TC_LoginPage.java:25)- Clicked on Login
 INFO [main] (_002_TC_LoginPage.java:37)- LogOut Successfully
]]></system-out>
  </testcase>
  <testcase name="LogInDiffData[mngr112909, tytUreg](6)" classname="TestCases._002_TC_LoginPage" time="204.739">
    <failure message="stale element reference: element is not attached to the page document&#10;  (Session info: chrome=99.0.4844.51)&#10;For documentation on this error, please visit: https://selenium.dev/exceptions/#stale_element_reference&#10;Build info: version: &apos;4.1.2&apos;, revision: &apos;9a5a329c5a&apos;&#10;System info: host: &apos;LAPTOP-N330K14R&apos;, ip: &apos;192.168.43.47&apos;, os.name: &apos;Windows 10&apos;, os.arch: &apos;amd64&apos;, os.version: &apos;10.0&apos;, java.version: &apos;11.0.12&apos;&#10;Driver info: org.openqa.selenium.chrome.ChromeDriver&#10;Command: [d802013291f49abe530dc61dd30ed3be, clickElement {id=8e12ec19-740e-4e06-b7d7-0aea6e34cf8b}]&#10;Capabilities {acceptInsecureCerts: false, browserName: chrome, browserVersion: 99.0.4844.51, chrome: {chromedriverVersion: 99.0.4844.51 (d537ec02474b5..., userDataDir: C:\Users\LENOVO\AppData\Loc...}, goog:chromeOptions: {debuggerAddress: localhost:63692}, javascriptEnabled: true, networkConnectionEnabled: false, pageLoadStrategy: normal, platform: WINDOWS, platformName: WINDOWS, proxy: Proxy(), se:cdp: ws://localhost:63692/devtoo..., se:cdpVersion: 99.0.4844.51, setWindowRect: true, strictFileInteractability: false, timeouts: {implicit: 0, pageLoad: 300000, script: 30000}, unhandledPromptBehavior: dismiss and notify, webauthn:extension:credBlob: true, webauthn:extension:largeBlob: true, webauthn:virtualAuthenticators: true}&#10;Element: [[ChromeDriver: chrome on WINDOWS (d802013291f49abe530dc61dd30ed3be)] -&gt; name: btnLogin]&#10;Session ID: d802013291f49abe530dc61dd30ed3be" type="org.openqa.selenium.StaleElementReferenceException"><![CDATA[org.openqa.selenium.StaleElementReferenceException: 
stale element reference: element is not attached to the page document
  (Session info: chrome=99.0.4844.51)
For documentation on this error, please visit: https://selenium.dev/exceptions/#stale_element_reference
Build info: version: '4.1.2', revision: '9a5a329c5a'
System info: host: 'LAPTOP-N330K14R', ip: '192.168.43.47', os.name: 'Windows 10', os.arch: 'amd64', os.version: '10.0', java.version: '11.0.12'
Driver info: org.openqa.selenium.chrome.ChromeDriver
Command: [d802013291f49abe530dc61dd30ed3be, clickElement {id=8e12ec19-740e-4e06-b7d7-0aea6e34cf8b}]
Capabilities {acceptInsecureCerts: false, browserName: chrome, browserVersion: 99.0.4844.51, chrome: {chromedriverVersion: 99.0.4844.51 (d537ec02474b5..., userDataDir: C:\Users\LENOVO\AppData\Loc...}, goog:chromeOptions: {debuggerAddress: localhost:63692}, javascriptEnabled: true, networkConnectionEnabled: false, pageLoadStrategy: normal, platform: WINDOWS, platformName: WINDOWS, proxy: Proxy(), se:cdp: ws://localhost:63692/devtoo..., se:cdpVersion: 99.0.4844.51, setWindowRect: true, strictFileInteractability: false, timeouts: {implicit: 0, pageLoad: 300000, script: 30000}, unhandledPromptBehavior: dismiss and notify, webauthn:extension:credBlob: true, webauthn:extension:largeBlob: true, webauthn:virtualAuthenticators: true}
Element: [[ChromeDriver: chrome on WINDOWS (d802013291f49abe530dc61dd30ed3be)] -> name: btnLogin]
Session ID: d802013291f49abe530dc61dd30ed3be
	at TestCases._002_TC_LoginPage.LogInDiffData(_002_TC_LoginPage.java:24)
]]></failure>
    <system-out><![CDATA[mngr112909  tytUreg
 INFO [main] (_002_TC_LoginPage.java:23)- UserName and Password is submitted
LogInDiffData
]]></system-out>
  </testcase>
  <testcase name="LogInDiffData[sdkfsk, lsdjfks](7)" classname="TestCases._002_TC_LoginPage" time="8.881">
    <system-out><![CDATA[sdkfsk  lsdjfks
 INFO [main] (_002_TC_LoginPage.java:23)- UserName and Password is submitted
 INFO [main] (_002_TC_LoginPage.java:25)- Clicked on Login
 WARN [main] (_002_TC_LoginPage.java:32)- Login failed
]]></system-out>
  </testcase>
  <testcase name="AddNewCustomer" classname="TestCases._003_TC_AddNewCustomer" time="21.373">
    <system-out><![CDATA[ INFO [main] (_003_TC_AddNewCustomer.java:15)- Login Successful
 INFO [main] (_003_TC_AddNewCustomer.java:28)- All Detail filled
 INFO [main] (_003_TC_AddNewCustomer.java:34)- Customer Added Successfully
the id of customer is   40631
]]></system-out>
    <system-err><![CDATA[Starting ChromeDriver 99.0.4844.51 (d537ec02474b5afe23684e7963d538896c63ac77-refs/branch-heads/4844@{#875}) on port 52284
Only local connections are allowed.
Please see https://chromedriver.chromium.org/security-considerations for suggestions on keeping ChromeDriver safe.
ChromeDriver was started successfully.
Mar 05, 2022 2:28:48 PM org.openqa.selenium.remote.ProtocolHandshake createSession
INFO: Detected dialect: W3C
Mar 05, 2022 2:28:48 PM org.openqa.selenium.devtools.CdpVersionFinder findNearestMatch
WARNING: Unable to find an exact match for CDP version 99, so returning the closest version found: 97
Mar 05, 2022 2:28:48 PM org.openqa.selenium.devtools.CdpVersionFinder findNearestMatch
INFO: Found CDP implementation for version 99 of 97
]]></system-err>
  </testcase>
</testsuite>